<?xml version="1.0" encoding="UTF-8"?>
<!-- Generated by org.testng.reporters.JUnitReportReporter -->
<testsuite hostname="DESKTOP-HL4JRJF" failures="0" tests="1" name="com.qa.DB_Testing.DB_Test" time="1.043" errors="0" timestamp="2022-09-12T20:48:23 IST" skipped="0">
  <testcase classname="com.qa.DB_Testing.DB_Test" name="getTableData" time="1.043"/>
  <system-out/>
</testsuite> <!-- com.qa.DB_Testing.DB_Test -->
